# JRE version: Java(TM) SE Runtime Environment (11.0.4+10) (build 11.0.4+10-LTS)
# Java VM: Java HotSpot(TM) 64-Bit Server VM (11.0.4+10-LTS, mixed mode, tiered, compressed oops, g1 gc, windows-amd64)
Heap:
 garbage-first heap   total 312320K, used 108099K [0x0000000703200000, 0x0000000800000000)
  region size 1024K, 71 young (72704K), 13 survivors (13312K)
 Metaspace       used 77737K, capacity 79808K, committed 80256K, reserved 1118208K
  class space    used 10179K, capacity 10951K, committed 11136K, reserved 1048576K
GC Heap History (10 events):
Event: 16307.135 GC heap after
{Heap after GC invocations=22 (full 0):
 garbage-first heap   total 312320K, used 48235K [0x0000000703200000, 0x0000000800000000)
  region size 1024K, 14 young (14336K), 14 survivors (14336K)
 Metaspace       used 77484K, capacity 79601K, committed 79872K, reserved 1118208K
  class space    used 10148K, capacity 10904K, committed 11008K, reserved 1048576K
}
Event: 18131.125 GC heap before
{Heap before GC invocations=22 (full 0):
 garbage-first heap   total 312320K, used 221291K [0x0000000703200000, 0x0000000800000000)
  region size 1024K, 183 young (187392K), 14 survivors (14336K)
 Metaspace       used 77562K, capacity 79712K, committed 79872K, reserved 1118208K
  class space    used 10161K, capacity 10942K, committed 11008K, reserved 1048576K
}
Event: 18131.132 GC heap after
{Heap after GC invocations=23 (full 0):
 garbage-first heap   total 312320K, used 48300K [0x0000000703200000, 0x0000000800000000)
  region size 1024K, 12 young (12288K), 12 survivors (12288K)
 Metaspace       used 77562K, capacity 79712K, committed 79872K, reserved 1118208K
  class space    used 10161K, capacity 10942K, committed 11008K, reserved 1048576K
}
Event: 19993.584 GC heap before
{Heap before GC invocations=23 (full 0):
 garbage-first heap   total 312320K, used 223404K [0x0000000703200000, 0x0000000800000000)
  region size 1024K, 183 young (187392K), 12 survivors (12288K)
 Metaspace       used 77565K, capacity 79712K, committed 79872K, reserved 1118208K
  class space    used 10162K, capacity 10942K, committed 11008K, reserved 1048576K
}
Event: 19993.591 GC heap after
{Heap after GC invocations=24 (full 0):
 garbage-first heap   total 312320K, used 48428K [0x0000000703200000, 0x0000000800000000)
  region size 1024K, 12 young (12288K), 12 survivors (12288K)
 Metaspace       used 77565K, capacity 79712K, committed 79872K, reserved 1118208K
  class space    used 10162K, capacity 10942K, committed 11008K, reserved 1048576K
}
Event: 21904.387 GC heap before
{Heap before GC invocations=24 (full 0):
 garbage-first heap   total 312320K, used 223532K [0x0000000703200000, 0x0000000800000000)
  region size 1024K, 183 young (187392K), 12 survivors (12288K)
 Metaspace       used 77565K, capacity 79712K, committed 79872K, reserved 1118208K
  class space    used 10162K, capacity 10942K, committed 11008K, reserved 1048576K
}
Event: 21904.393 GC heap after
{Heap after GC invocations=25 (full 0):
 garbage-first heap   total 312320K, used 48428K [0x0000000703200000, 0x0000000800000000)
  region size 1024K, 12 young (12288K), 12 survivors (12288K)
 Metaspace       used 77565K, capacity 79712K, committed 79872K, reserved 1118208K
  class space    used 10162K, capacity 10942K, committed 11008K, reserved 1048576K
}
Event: 23860.973 GC heap before
{Heap before GC invocations=25 (full 0):
 garbage-first heap   total 312320K, used 223532K [0x0000000703200000, 0x0000000800000000)
  region size 1024K, 183 young (187392K), 12 survivors (12288K)
 Metaspace       used 77677K, capacity 79776K, committed 79872K, reserved 1118208K
  class space    used 10183K, capacity 10942K, committed 11008K, reserved 1048576K
}
Event: 23860.980 GC heap after
{Heap after GC invocations=26 (full 0):
 garbage-first heap   total 312320K, used 48707K [0x0000000703200000, 0x0000000800000000)
  region size 1024K, 13 young (13312K), 13 survivors (13312K)
 Metaspace       used 77677K, capacity 79776K, committed 79872K, reserved 1118208K
  class space    used 10183K, capacity 10942K, committed 11008K, reserved 1048576K
}
Event: 24478.236 GC heap before
{Heap before GC invocations=26 (full 0):
 garbage-first heap   total 312320K, used 107075K [0x0000000703200000, 0x0000000800000000)
  region size 1024K, 71 young (72704K), 13 survivors (13312K)
 Metaspace       used 77868K, capacity 80014K, committed 80256K, reserved 1118208K
  class space    used 10216K, capacity 11022K, committed 11136K, reserved 1048576K
}

